<?xml version="1.0" encoding="utf-8" standalone="no"?>
<!--This file represents the results of running a test suite-->
<test-results name="C:\Users\Yujie\Documents\Visual Studio 2013\Projects\FizzBuzz\TestFizzBuzz\bin\Debug\TestFizzBuzz.dll" total="0" errors="0" failures="0" not-run="0" inconclusive="0" ignored="0" skipped="0" invalid="0" date="2015-10-16" time="14:27:05">
  <environment nunit-version="2.6.4.14350" clr-version="2.0.50727.8662" os-version="Microsoft Windows NT 6.2.9200.0" platform="Win32NT" cwd="C:\Program Files (x86)\NUnit 2.6.4\bin" machine-name="YUJIE-PC" user="Yujie" user-domain="YUJIE-PC" />
  <culture-info current-culture="en-US" current-uiculture="en-US" />
  <test-suite type="Assembly" name="C:\Users\Yujie\Documents\Visual Studio 2013\Projects\FizzBuzz\TestFizzBuzz\bin\Debug\TestFizzBuzz.dll" executed="True" result="Inconclusive" success="False" time="0.000" asserts="0" />
</test-results>